# JRE version: OpenJDK Runtime Environment Temurin-21.0.7+6 (21.0.7+6) (build 21.0.7+6-LTS)
# Java VM: OpenJDK 64-Bit Server VM Temurin-21.0.7+6 (21.0.7+6-LTS, mixed mode, sharing, tiered, compressed oops, compressed class ptrs, parallel gc, windows-amd64)
GC Precious Log:
 CardTable entry size: 512
 CPUs: 8 total, 8 available
 Memory: 6060M
 Large Page Support: Disabled
 NUMA Support: Disabled
 Compressed Oops: Enabled (32-bit)
 Alignments: Space 512K, Generation 512K, Heap 2M
 Heap Min Capacity: 100M
 Heap Initial Capacity: 100M
 Heap Max Capacity: 2G
 Pre-touch: Disabled
 Parallel Workers: 8
Heap:
 PSYoungGen      total 25600K, used 13870K [0x00000000d5580000, 0x00000000d7900000, 0x0000000100000000)
  eden space 15360K, 23% used [0x00000000d5580000,0x00000000d590e7d0,0x00000000d6480000)
  from space 10240K, 99% used [0x00000000d6500000,0x00000000d6efd120,0x00000000d6f00000)
  to   space 9216K, 0% used [0x00000000d7000000,0x00000000d7000000,0x00000000d7900000)
 ParOldGen       total 288768K, used 288352K [0x0000000080000000, 0x0000000091a00000, 0x00000000d5580000)
  object space 288768K, 99% used [0x0000000080000000,0x0000000091998358,0x0000000091a00000)
 Metaspace       used 60608K, committed 62016K, reserved 1114112K
  class space    used 6173K, committed 6784K, reserved 1048576K
GC Heap History (20 events):
Event: 75.030 GC heap before
{Heap before GC invocations=207 (full 7):
 PSYoungGen      total 13312K, used 13307K [0x00000000d5580000, 0x00000000d6980000, 0x0000000100000000)
  eden space 9216K, 100% used [0x00000000d5580000,0x00000000d5e80000,0x00000000d5e80000)
  from space 4096K, 99% used [0x00000000d5e80000,0x00000000d627ec68,0x00000000d6280000)
  to   space 5632K, 0% used [0x00000000d6400000,0x00000000d6400000,0x00000000d6980000)
 ParOldGen       total 254976K, used 254937K [0x0000000080000000, 0x000000008f900000, 0x00000000d5580000)
  object space 254976K, 99% used [0x0000000080000000,0x000000008f8f6430,0x000000008f900000)
 Metaspace       used 60599K, committed 62016K, reserved 1114112K
  class space    used 6173K, committed 6784K, reserved 1048576K
}
Event: 75.035 GC heap after
{Heap after GC invocations=207 (full 7):
 PSYoungGen      total 14336K, used 4132K [0x00000000d5580000, 0x00000000d6880000, 0x0000000100000000)
  eden space 9728K, 0% used [0x00000000d5580000,0x00000000d5580000,0x00000000d5f00000)
  from space 4608K, 89% used [0x00000000d6400000,0x00000000d6809380,0x00000000d6880000)
  to   space 4608K, 0% used [0x00000000d5f80000,0x00000000d5f80000,0x00000000d6400000)
 ParOldGen       total 257536K, used 257413K [0x0000000080000000, 0x000000008fb80000, 0x00000000d5580000)
  object space 257536K, 99% used [0x0000000080000000,0x000000008fb617e0,0x000000008fb80000)
 Metaspace       used 60599K, committed 62016K, reserved 1114112K
  class space    used 6173K, committed 6784K, reserved 1048576K
}
Event: 75.096 GC heap before
{Heap before GC invocations=208 (full 7):
 PSYoungGen      total 14336K, used 13860K [0x00000000d5580000, 0x00000000d6880000, 0x0000000100000000)
  eden space 9728K, 100% used [0x00000000d5580000,0x00000000d5f00000,0x00000000d5f00000)
  from space 4608K, 89% used [0x00000000d6400000,0x00000000d6809380,0x00000000d6880000)
  to   space 4608K, 0% used [0x00000000d5f80000,0x00000000d5f80000,0x00000000d6400000)
 ParOldGen       total 257536K, used 257413K [0x0000000080000000, 0x000000008fb80000, 0x00000000d5580000)
  object space 257536K, 99% used [0x0000000080000000,0x000000008fb617e0,0x000000008fb80000)
 Metaspace       used 60599K, committed 62016K, reserved 1114112K
  class space    used 6173K, committed 6784K, reserved 1048576K
}
Event: 75.102 GC heap after
{Heap after GC invocations=208 (full 7):
 PSYoungGen      total 14848K, used 4588K [0x00000000d5580000, 0x00000000d6d80000, 0x0000000100000000)
  eden space 10240K, 0% used [0x00000000d5580000,0x00000000d5580000,0x00000000d5f80000)
  from space 4608K, 99% used [0x00000000d5f80000,0x00000000d63fb2c8,0x00000000d6400000)
  to   space 7168K, 0% used [0x00000000d6680000,0x00000000d6680000,0x00000000d6d80000)
 ParOldGen       total 259584K, used 259432K [0x0000000080000000, 0x000000008fd80000, 0x00000000d5580000)
  object space 259584K, 99% used [0x0000000080000000,0x000000008fd5a238,0x000000008fd80000)
 Metaspace       used 60599K, committed 62016K, reserved 1114112K
  class space    used 6173K, committed 6784K, reserved 1048576K
}
Event: 75.171 GC heap before
{Heap before GC invocations=209 (full 7):
 PSYoungGen      total 14848K, used 14828K [0x00000000d5580000, 0x00000000d6d80000, 0x0000000100000000)
  eden space 10240K, 100% used [0x00000000d5580000,0x00000000d5f80000,0x00000000d5f80000)
  from space 4608K, 99% used [0x00000000d5f80000,0x00000000d63fb2c8,0x00000000d6400000)
  to   space 7168K, 0% used [0x00000000d6680000,0x00000000d6680000,0x00000000d6d80000)
 ParOldGen       total 259584K, used 259432K [0x0000000080000000, 0x000000008fd80000, 0x00000000d5580000)
  object space 259584K, 99% used [0x0000000080000000,0x000000008fd5a238,0x000000008fd80000)
 Metaspace       used 60599K, committed 62016K, reserved 1114112K
  class space    used 6173K, committed 6784K, reserved 1048576K
}
Event: 75.177 GC heap after
{Heap after GC invocations=209 (full 7):
 PSYoungGen      total 14848K, used 3984K [0x00000000d5580000, 0x00000000d6a80000, 0x0000000100000000)
  eden space 10752K, 0% used [0x00000000d5580000,0x00000000d5580000,0x00000000d6000000)
  from space 4096K, 97% used [0x00000000d6680000,0x00000000d6a64260,0x00000000d6a80000)
  to   space 5120K, 0% used [0x00000000d6080000,0x00000000d6080000,0x00000000d6580000)
 ParOldGen       total 262656K, used 262403K [0x0000000080000000, 0x0000000090080000, 0x00000000d5580000)
  object space 262656K, 99% used [0x0000000080000000,0x0000000090040fe0,0x0000000090080000)
 Metaspace       used 60599K, committed 62016K, reserved 1114112K
  class space    used 6173K, committed 6784K, reserved 1048576K
}
Event: 75.226 GC heap before
{Heap before GC invocations=210 (full 7):
 PSYoungGen      total 14848K, used 14736K [0x00000000d5580000, 0x00000000d6a80000, 0x0000000100000000)
  eden space 10752K, 100% used [0x00000000d5580000,0x00000000d6000000,0x00000000d6000000)
  from space 4096K, 97% used [0x00000000d6680000,0x00000000d6a64260,0x00000000d6a80000)
  to   space 5120K, 0% used [0x00000000d6080000,0x00000000d6080000,0x00000000d6580000)
 ParOldGen       total 262656K, used 262403K [0x0000000080000000, 0x0000000090080000, 0x00000000d5580000)
  object space 262656K, 99% used [0x0000000080000000,0x0000000090040fe0,0x0000000090080000)
 Metaspace       used 60599K, committed 62016K, reserved 1114112K
  class space    used 6173K, committed 6784K, reserved 1048576K
}
Event: 75.234 GC heap after
{Heap after GC invocations=210 (full 7):
 PSYoungGen      total 16384K, used 5116K [0x00000000d5580000, 0x00000000d7180000, 0x0000000100000000)
  eden space 11264K, 0% used [0x00000000d5580000,0x00000000d5580000,0x00000000d6080000)
  from space 5120K, 99% used [0x00000000d6080000,0x00000000d657f310,0x00000000d6580000)
  to   space 8704K, 0% used [0x00000000d6900000,0x00000000d6900000,0x00000000d7180000)
 ParOldGen       total 265216K, used 264928K [0x0000000080000000, 0x0000000090300000, 0x00000000d5580000)
  object space 265216K, 99% used [0x0000000080000000,0x00000000902b8068,0x0000000090300000)
 Metaspace       used 60599K, committed 62016K, reserved 1114112K
  class space    used 6173K, committed 6784K, reserved 1048576K
}
Event: 75.282 GC heap before
{Heap before GC invocations=211 (full 7):
 PSYoungGen      total 16384K, used 16380K [0x00000000d5580000, 0x00000000d7180000, 0x0000000100000000)
  eden space 11264K, 100% used [0x00000000d5580000,0x00000000d6080000,0x00000000d6080000)
  from space 5120K, 99% used [0x00000000d6080000,0x00000000d657f310,0x00000000d6580000)
  to   space 8704K, 0% used [0x00000000d6900000,0x00000000d6900000,0x00000000d7180000)
 ParOldGen       total 265216K, used 264928K [0x0000000080000000, 0x0000000090300000, 0x00000000d5580000)
  object space 265216K, 99% used [0x0000000080000000,0x00000000902b8068,0x0000000090300000)
 Metaspace       used 60599K, committed 62016K, reserved 1114112K
  class space    used 6173K, committed 6784K, reserved 1048576K
}
Event: 75.293 GC heap after
{Heap after GC invocations=211 (full 7):
 PSYoungGen      total 18944K, used 6613K [0x00000000d5580000, 0x00000000d6f80000, 0x0000000100000000)
  eden space 12288K, 0% used [0x00000000d5580000,0x00000000d5580000,0x00000000d6180000)
  from space 6656K, 99% used [0x00000000d6900000,0x00000000d6f75508,0x00000000d6f80000)
  to   space 7168K, 0% used [0x00000000d6180000,0x00000000d6180000,0x00000000d6880000)
 ParOldGen       total 267776K, used 267731K [0x0000000080000000, 0x0000000090580000, 0x00000000d5580000)
  object space 267776K, 99% used [0x0000000080000000,0x0000000090574da0,0x0000000090580000)
 Metaspace       used 60599K, committed 62016K, reserved 1114112K
  class space    used 6173K, committed 6784K, reserved 1048576K
}
Event: 75.348 GC heap before
{Heap before GC invocations=212 (full 7):
 PSYoungGen      total 18944K, used 18901K [0x00000000d5580000, 0x00000000d6f80000, 0x0000000100000000)
  eden space 12288K, 100% used [0x00000000d5580000,0x00000000d6180000,0x00000000d6180000)
  from space 6656K, 99% used [0x00000000d6900000,0x00000000d6f75508,0x00000000d6f80000)
  to   space 7168K, 0% used [0x00000000d6180000,0x00000000d6180000,0x00000000d6880000)
 ParOldGen       total 267776K, used 267731K [0x0000000080000000, 0x0000000090580000, 0x00000000d5580000)
  object space 267776K, 99% used [0x0000000080000000,0x0000000090574da0,0x0000000090580000)
 Metaspace       used 60599K, committed 62016K, reserved 1114112K
  class space    used 6173K, committed 6784K, reserved 1048576K
}
Event: 75.356 GC heap after
{Heap after GC invocations=212 (full 7):
 PSYoungGen      total 19456K, used 7137K [0x00000000d5580000, 0x00000000d7780000, 0x0000000100000000)
  eden space 12288K, 0% used [0x00000000d5580000,0x00000000d5580000,0x00000000d6180000)
  from space 7168K, 99% used [0x00000000d6180000,0x00000000d6878778,0x00000000d6880000)
  to   space 10752K, 0% used [0x00000000d6d00000,0x00000000d6d00000,0x00000000d7780000)
 ParOldGen       total 270848K, used 270572K [0x0000000080000000, 0x0000000090880000, 0x00000000d5580000)
  object space 270848K, 99% used [0x0000000080000000,0x000000009083b368,0x0000000090880000)
 Metaspace       used 60599K, committed 62016K, reserved 1114112K
  class space    used 6173K, committed 6784K, reserved 1048576K
}
Event: 75.390 GC heap before
{Heap before GC invocations=213 (full 7):
 PSYoungGen      total 19456K, used 19425K [0x00000000d5580000, 0x00000000d7780000, 0x0000000100000000)
  eden space 12288K, 100% used [0x00000000d5580000,0x00000000d6180000,0x00000000d6180000)
  from space 7168K, 99% used [0x00000000d6180000,0x00000000d6878778,0x00000000d6880000)
  to   space 10752K, 0% used [0x00000000d6d00000,0x00000000d6d00000,0x00000000d7780000)
 ParOldGen       total 270848K, used 270572K [0x0000000080000000, 0x0000000090880000, 0x00000000d5580000)
  object space 270848K, 99% used [0x0000000080000000,0x000000009083b368,0x0000000090880000)
 Metaspace       used 60599K, committed 62016K, reserved 1114112K
  class space    used 6173K, committed 6784K, reserved 1048576K
}
Event: 75.398 GC heap after
{Heap after GC invocations=213 (full 7):
 PSYoungGen      total 20480K, used 7162K [0x00000000d5580000, 0x00000000d7400000, 0x0000000100000000)
  eden space 13312K, 0% used [0x00000000d5580000,0x00000000d5580000,0x00000000d6280000)
  from space 7168K, 99% used [0x00000000d6d00000,0x00000000d73fea58,0x00000000d7400000)
  to   space 8192K, 0% used [0x00000000d6400000,0x00000000d6400000,0x00000000d6c00000)
 ParOldGen       total 275456K, used 275193K [0x0000000080000000, 0x0000000090d00000, 0x00000000d5580000)
  object space 275456K, 99% used [0x0000000080000000,0x0000000090cbe5c0,0x0000000090d00000)
 Metaspace       used 60599K, committed 62016K, reserved 1114112K
  class space    used 6173K, committed 6784K, reserved 1048576K
}
Event: 75.426 GC heap before
{Heap before GC invocations=214 (full 7):
 PSYoungGen      total 20480K, used 20474K [0x00000000d5580000, 0x00000000d7400000, 0x0000000100000000)
  eden space 13312K, 100% used [0x00000000d5580000,0x00000000d6280000,0x00000000d6280000)
  from space 7168K, 99% used [0x00000000d6d00000,0x00000000d73fea58,0x00000000d7400000)
  to   space 8192K, 0% used [0x00000000d6400000,0x00000000d6400000,0x00000000d6c00000)
 ParOldGen       total 275456K, used 275193K [0x0000000080000000, 0x0000000090d00000, 0x00000000d5580000)
  object space 275456K, 99% used [0x0000000080000000,0x0000000090cbe5c0,0x0000000090d00000)
 Metaspace       used 60599K, committed 62016K, reserved 1114112K
  class space    used 6173K, committed 6784K, reserved 1048576K
}
Event: 75.433 GC heap after
{Heap after GC invocations=214 (full 7):
 PSYoungGen      total 22528K, used 8182K [0x00000000d5580000, 0x00000000d7c80000, 0x0000000100000000)
  eden space 14336K, 0% used [0x00000000d5580000,0x00000000d5580000,0x00000000d6380000)
  from space 8192K, 99% used [0x00000000d6400000,0x00000000d6bfda00,0x00000000d6c00000)
  to   space 12800K, 0% used [0x00000000d7000000,0x00000000d7000000,0x00000000d7c80000)
 ParOldGen       total 279040K, used 278957K [0x0000000080000000, 0x0000000091080000, 0x00000000d5580000)
  object space 279040K, 99% used [0x0000000080000000,0x000000009106b4a8,0x0000000091080000)
 Metaspace       used 60599K, committed 62016K, reserved 1114112K
  class space    used 6173K, committed 6784K, reserved 1048576K
}
Event: 75.475 GC heap before
{Heap before GC invocations=215 (full 7):
 PSYoungGen      total 22528K, used 22518K [0x00000000d5580000, 0x00000000d7c80000, 0x0000000100000000)
  eden space 14336K, 100% used [0x00000000d5580000,0x00000000d6380000,0x00000000d6380000)
  from space 8192K, 99% used [0x00000000d6400000,0x00000000d6bfda00,0x00000000d6c00000)
  to   space 12800K, 0% used [0x00000000d7000000,0x00000000d7000000,0x00000000d7c80000)
 ParOldGen       total 279040K, used 278957K [0x0000000080000000, 0x0000000091080000, 0x00000000d5580000)
  object space 279040K, 99% used [0x0000000080000000,0x000000009106b4a8,0x0000000091080000)
 Metaspace       used 60599K, committed 62016K, reserved 1114112K
  class space    used 6173K, committed 6784K, reserved 1048576K
}
Event: 75.484 GC heap after
{Heap after GC invocations=215 (full 7):
 PSYoungGen      total 24576K, used 8945K [0x00000000d5580000, 0x00000000d7900000, 0x0000000100000000)
  eden space 15360K, 0% used [0x00000000d5580000,0x00000000d5580000,0x00000000d6480000)
  from space 9216K, 97% used [0x00000000d7000000,0x00000000d78bc748,0x00000000d7900000)
  to   space 10240K, 0% used [0x00000000d6500000,0x00000000d6500000,0x00000000d6f00000)
 ParOldGen       total 284160K, used 284059K [0x0000000080000000, 0x0000000091580000, 0x00000000d5580000)
  object space 284160K, 99% used [0x0000000080000000,0x0000000091566d60,0x0000000091580000)
 Metaspace       used 60599K, committed 62016K, reserved 1114112K
  class space    used 6173K, committed 6784K, reserved 1048576K
}
Event: 75.600 GC heap before
{Heap before GC invocations=216 (full 7):
 PSYoungGen      total 24576K, used 24305K [0x00000000d5580000, 0x00000000d7900000, 0x0000000100000000)
  eden space 15360K, 100% used [0x00000000d5580000,0x00000000d6480000,0x00000000d6480000)
  from space 9216K, 97% used [0x00000000d7000000,0x00000000d78bc748,0x00000000d7900000)
  to   space 10240K, 0% used [0x00000000d6500000,0x00000000d6500000,0x00000000d6f00000)
 ParOldGen       total 284160K, used 284059K [0x0000000080000000, 0x0000000091580000, 0x00000000d5580000)
  object space 284160K, 99% used [0x0000000080000000,0x0000000091566d60,0x0000000091580000)
 Metaspace       used 60599K, committed 62016K, reserved 1114112K
  class space    used 6173K, committed 6784K, reserved 1048576K
}
Event: 75.608 GC heap after
{Heap after GC invocations=216 (full 7):
 PSYoungGen      total 25600K, used 10228K [0x00000000d5580000, 0x00000000d7900000, 0x0000000100000000)
  eden space 15360K, 0% used [0x00000000d5580000,0x00000000d5580000,0x00000000d6480000)
  from space 10240K, 99% used [0x00000000d6500000,0x00000000d6efd120,0x00000000d6f00000)
  to   space 9216K, 0% used [0x00000000d7000000,0x00000000d7000000,0x00000000d7900000)
 ParOldGen       total 288768K, used 288352K [0x0000000080000000, 0x0000000091a00000, 0x00000000d5580000)
  object space 288768K, 99% used [0x0000000080000000,0x0000000091998358,0x0000000091a00000)
 Metaspace       used 60599K, committed 62016K, reserved 1114112K
  class space    used 6173K, committed 6784K, reserved 1048576K
}

